DEPRECATION WARNING: You're using the Ruby-based MySQL library that ships with Rails. This library will be REMOVED FROM RAILS 2.2. Please switch to the offical mysql gem: `gem install mysql`  See http://www.rubyonrails.org/deprecation for details. (called from mysql_connection at D:/perforce/whohar/v5/jruby-1.1.3/lib/ruby/gems/1.8/gems/activerecord-2.1.1/lib/active_record/connection_adapters/mysql_adapter.rb:81)
  [4;36;1mSQL (0.000644)[0m   [0;1mSET NAMES 'utf8'[0m
  [4;35;1mSQL (0.013044)[0m   [0mSET SQL_AUTO_IS_NULL=0[0m
  [4;36;1mSQL (0.016805)[0m   [0;1mCREATE DATABASE `opensocial_development` DEFAULT CHARACTER SET `utf8` COLLATE `utf8_general_ci`[0m
DEPRECATION WARNING: You're using the Ruby-based MySQL library that ships with Rails. This library will be REMOVED FROM RAILS 2.2. Please switch to the offical mysql gem: `gem install mysql`  See http://www.rubyonrails.org/deprecation for details. (called from mysql_connection at D:/perforce/whohar/v5/jruby-1.1.3/lib/ruby/gems/1.8/gems/activerecord-2.1.1/lib/active_record/connection_adapters/mysql_adapter.rb:81)
  [4;36;1mSQL (0.000637)[0m   [0;1mSET NAMES 'utf8'[0m
  [4;35;1mSQL (0.000434)[0m   [0mSET SQL_AUTO_IS_NULL=0[0m
  [4;36;1mSQL (0.001308)[0m   [0;1mSHOW TABLES[0m
  [4;35;1mSQL (0.305410)[0m   [0mCREATE TABLE `schema_migrations` (`version` varchar(255) NOT NULL) ENGINE=InnoDB[0m
  [4;36;1mSQL (0.237727)[0m   [0;1mCREATE UNIQUE INDEX `unique_schema_migrations` ON `schema_migrations` (`version`)[0m
  [4;35;1mSQL (0.001864)[0m   [0mSHOW TABLES[0m
  [4;36;1mSQL (0.002405)[0m   [0;1mSELECT version FROM schema_migrations[0m
Migrating to CreateOpenSocialContainerDependencies (20081218055821)
  [4;35;1mSQL (0.163190)[0m   [0mCREATE TABLE `apps` (`id` int(11) DEFAULT NULL auto_increment PRIMARY KEY, `source_url` varchar(255), `title` varchar(255), `description` text, `directory_title` varchar(255), `title_url` varchar(255), `author` varchar(255), `author_email` varchar(255), `author_affiliation` varchar(255), `author_location` varchar(255), `screenshot` varchar(255), `thumbnail` varchar(255), `height` int(11), `width` int(11), `scaling` tinyint(1), `scrolling` tinyint(1), `singleton` tinyint(1), `author_photo` varchar(255), `author_aboutme` text, `author_link` varchar(255), `author_quote` text, `created_at` datetime, `updated_at` datetime) ENGINE=InnoDB[0m
  [4;36;1mSQL (0.123163)[0m   [0;1mCREATE TABLE `persistences` (`id` int(11) DEFAULT NULL auto_increment PRIMARY KEY, `person_id` int(11), `app_id` int(11), `type` varchar(255), `instance_id` varchar(255), `key` varchar(255), `value` varchar(255), `created_at` datetime, `updated_at` datetime) ENGINE=InnoDB[0m
  [4;35;1mSQL (0.053054)[0m   [0mINSERT INTO schema_migrations (version) VALUES ('20081218055821')[0m
  [4;36;1mSQL (0.002646)[0m   [0;1mSHOW TABLES[0m
  [4;35;1mSQL (0.002894)[0m   [0mSELECT version FROM schema_migrations[0m
  [4;36;1mSQL (0.002957)[0m   [0;1mSHOW TABLES[0m
  [4;35;1mSQL (0.036256)[0m   [0mSHOW FIELDS FROM `apps`[0m
  [4;36;1mSQL (0.021563)[0m   [0;1mdescribe `apps`[0m
  [4;35;1mSQL (0.006960)[0m   [0mSHOW KEYS FROM `apps`[0m
  [4;36;1mSQL (0.012934)[0m   [0;1mSHOW FIELDS FROM `persistences`[0m
  [4;35;1mSQL (0.014968)[0m   [0mdescribe `persistences`[0m
  [4;36;1mSQL (0.007255)[0m   [0;1mSHOW KEYS FROM `persistences`[0m


Processing ApplicationController#index (for 127.0.0.1 at 2008-12-18 14:02:56) [GET]
  Session ID: 9e71ad40973eab5aaae958d5af21d705
  Parameters: {}


ActionController::RoutingError (No route matches "/apps" with {:method=>:get, :host=>"127.0.0.1", :domain=>nil, :subdomain=>"127"}):
    D:/perforce/whohar/v5/jruby-1.1.3/lib/ruby/gems/1.8/gems/actionpack-2.1.1/lib/action_controller/routing/recognition_optimisation.rb:67:in `recognize_path'
    D:/perforce/whohar/v5/jruby-1.1.3/lib/ruby/gems/1.8/gems/actionpack-2.1.1/lib/action_controller/routing/route_set.rb:384:in `recognize'
    D:/perforce/whohar/v5/jruby-1.1.3/lib/ruby/gems/1.8/gems/actionpack-2.1.1/lib/action_controller/dispatcher.rb:148:in `handle_request'
    D:/perforce/whohar/v5/jruby-1.1.3/lib/ruby/gems/1.8/gems/actionpack-2.1.1/lib/action_controller/dispatcher.rb:107:in `dispatch'
    D:/perforce/whohar/v5/jruby-1.1.3/lib/ruby/gems/1.8/gems/actionpack-2.1.1/lib/action_controller/dispatcher.rb:104:in `dispatch'
    D:/perforce/whohar/v5/jruby-1.1.3/lib/ruby/gems/1.8/gems/actionpack-2.1.1/lib/action_controller/dispatcher.rb:120:in `dispatch_cgi'
    D:/perforce/whohar/v5/jruby-1.1.3/lib/ruby/gems/1.8/gems/actionpack-2.1.1/lib/action_controller/dispatcher.rb:35:in `dispatch'
    D:/perforce/whohar/v5/jruby-1.1.3/lib/ruby/gems/1.8/gems/mongrel-1.1.5-java/bin/../lib/mongrel/rails.rb:76:in `process'
    D:/perforce/whohar/v5/jruby-1.1.3/lib/ruby/gems/1.8/gems/mongrel-1.1.5-java/bin/../lib/mongrel/rails.rb:74:in `process'
    D:/perforce/whohar/v5/jruby-1.1.3/lib/ruby/gems/1.8/gems/mongrel-1.1.5-java/lib/mongrel.rb:159:in `process_client'
    D:/perforce/whohar/v5/jruby-1.1.3/lib/ruby/gems/1.8/gems/mongrel-1.1.5-java/lib/mongrel.rb:158:in `each'
    D:/perforce/whohar/v5/jruby-1.1.3/lib/ruby/gems/1.8/gems/mongrel-1.1.5-java/lib/mongrel.rb:158:in `process_client'
    D:/perforce/whohar/v5/jruby-1.1.3/lib/ruby/gems/1.8/gems/mongrel-1.1.5-java/lib/mongrel.rb:285:in `run'
    :1:in `initialize'

Rendering D:/perforce/whohar/v5/jruby-1.1.3/lib/ruby/gems/1.8/gems/actionpack-2.1.1/lib/action_controller/templates/rescues/layout.erb (not_found)


Processing Feeds::AppsController#index (for 127.0.0.1 at 2008-12-18 14:03:04) [GET]
  Session ID: BAh7BiIKZmxhc2hJQzonQWN0aW9uQ29udHJvbGxlcjo6Rmxhc2g6OkZsYXNo
SGFzaHsABjoKQHVzZWR7AA==--b62e7e3596be0eff514557ae897820b038f001c0
  Parameters: {"controller"=>"feeds/apps", "action"=>"index"}
DEPRECATION WARNING: You're using the Ruby-based MySQL library that ships with Rails. This library will be REMOVED FROM RAILS 2.2. Please switch to the offical mysql gem: `gem install mysql`  See http://www.rubyonrails.org/deprecation for details. (called from mysql_connection at D:/perforce/whohar/v5/jruby-1.1.3/lib/ruby/gems/1.8/gems/activerecord-2.1.1/lib/active_record/connection_adapters/mysql_adapter.rb:81)
  [4;36;1mSQL (0.000528)[0m   [0;1mSET NAMES 'utf8'[0m
  [4;35;1mSQL (0.000739)[0m   [0mSET SQL_AUTO_IS_NULL=0[0m
  [4;36;1mFeeds::App Load (0.010800)[0m   [0;1mSELECT * FROM `apps` [0m
Rendering feeds/apps/index
Completed in 0.05110 (19 reqs/sec) | Rendering: 0.02273 (44%) | DB: 0.01207 (23%) | 200 OK [http://127.0.0.1/feeds/apps/]


Processing ApplicationController#index (for 127.0.0.1 at 2008-12-18 14:03:19) [GET]
  Session ID: BAh7BiIKZmxhc2hJQzonQWN0aW9uQ29udHJvbGxlcjo6Rmxhc2g6OkZsYXNo
SGFzaHsABjoKQHVzZWR7AA==--b62e7e3596be0eff514557ae897820b038f001c0
  Parameters: {}


ActionController::RoutingError (No route matches "/feeds/" with {:method=>:get, :host=>"127.0.0.1", :domain=>nil, :subdomain=>"127"}):
    D:/perforce/whohar/v5/jruby-1.1.3/lib/ruby/gems/1.8/gems/actionpack-2.1.1/lib/action_controller/routing/recognition_optimisation.rb:67:in `recognize_path'
    D:/perforce/whohar/v5/jruby-1.1.3/lib/ruby/gems/1.8/gems/actionpack-2.1.1/lib/action_controller/routing/route_set.rb:384:in `recognize'
    D:/perforce/whohar/v5/jruby-1.1.3/lib/ruby/gems/1.8/gems/actionpack-2.1.1/lib/action_controller/dispatcher.rb:148:in `handle_request'
    D:/perforce/whohar/v5/jruby-1.1.3/lib/ruby/gems/1.8/gems/actionpack-2.1.1/lib/action_controller/dispatcher.rb:107:in `dispatch'
    D:/perforce/whohar/v5/jruby-1.1.3/lib/ruby/gems/1.8/gems/actionpack-2.1.1/lib/action_controller/dispatcher.rb:104:in `dispatch'
    D:/perforce/whohar/v5/jruby-1.1.3/lib/ruby/gems/1.8/gems/actionpack-2.1.1/lib/action_controller/dispatcher.rb:120:in `dispatch_cgi'
    D:/perforce/whohar/v5/jruby-1.1.3/lib/ruby/gems/1.8/gems/actionpack-2.1.1/lib/action_controller/dispatcher.rb:35:in `dispatch'
    D:/perforce/whohar/v5/jruby-1.1.3/lib/ruby/gems/1.8/gems/mongrel-1.1.5-java/bin/../lib/mongrel/rails.rb:76:in `process'
    D:/perforce/whohar/v5/jruby-1.1.3/lib/ruby/gems/1.8/gems/mongrel-1.1.5-java/bin/../lib/mongrel/rails.rb:74:in `process'
    D:/perforce/whohar/v5/jruby-1.1.3/lib/ruby/gems/1.8/gems/mongrel-1.1.5-java/lib/mongrel.rb:159:in `process_client'
    D:/perforce/whohar/v5/jruby-1.1.3/lib/ruby/gems/1.8/gems/mongrel-1.1.5-java/lib/mongrel.rb:158:in `each'
    D:/perforce/whohar/v5/jruby-1.1.3/lib/ruby/gems/1.8/gems/mongrel-1.1.5-java/lib/mongrel.rb:158:in `process_client'
    D:/perforce/whohar/v5/jruby-1.1.3/lib/ruby/gems/1.8/gems/mongrel-1.1.5-java/lib/mongrel.rb:285:in `run'
    :1:in `initialize'

Rendering D:/perforce/whohar/v5/jruby-1.1.3/lib/ruby/gems/1.8/gems/actionpack-2.1.1/lib/action_controller/templates/rescues/layout.erb (not_found)


Processing Feeds::PeopleController#index (for 127.0.0.1 at 2008-12-18 14:03:31) [GET]
  Session ID: BAh7BiIKZmxhc2hJQzonQWN0aW9uQ29udHJvbGxlcjo6Rmxhc2g6OkZsYXNo
SGFzaHsABjoKQHVzZWR7AA==--b62e7e3596be0eff514557ae897820b038f001c0
  Parameters: {"controller"=>"feeds/people", "action"=>"index"}


ActionController::UnknownAction (No action responded to index):
    D:/perforce/whohar/v5/jruby-1.1.3/lib/ruby/gems/1.8/gems/actionpack-2.1.1/lib/action_controller/filters.rb:579:in `call_filters'
    D:/perforce/whohar/v5/jruby-1.1.3/lib/ruby/gems/1.8/gems/actionpack-2.1.1/lib/action_controller/filters.rb:572:in `perform_action_with_filters'
    D:/perforce/whohar/v5/jruby-1.1.3/lib/ruby/gems/1.8/gems/actionpack-2.1.1/lib/action_controller/benchmarking.rb:68:in `perform_action_with_benchmark'
    D:/perforce/whohar/v5/jruby-1.1.3/lib/ruby/1.8/benchmark.rb:293:in `measure'
    D:/perforce/whohar/v5/jruby-1.1.3/lib/ruby/gems/1.8/gems/actionpack-2.1.1/lib/action_controller/benchmarking.rb:68:in `perform_action_with_benchmark'
    D:/perforce/whohar/v5/jruby-1.1.3/lib/ruby/gems/1.8/gems/actionpack-2.1.1/lib/action_controller/rescue.rb:201:in `perform_action_with_rescue'
    D:/perforce/whohar/v5/jruby-1.1.3/lib/ruby/gems/1.8/gems/actionpack-2.1.1/lib/action_controller/caching/sql_cache.rb:13:in `perform_action_with_caching'
    D:/perforce/whohar/v5/jruby-1.1.3/lib/ruby/gems/1.8/gems/activerecord-2.1.1/lib/active_record/connection_adapters/abstract/query_cache.rb:33:in `cache'
    D:/perforce/whohar/v5/jruby-1.1.3/lib/ruby/gems/1.8/gems/activerecord-2.1.1/lib/active_record/query_cache.rb:8:in `cache'
    D:/perforce/whohar/v5/jruby-1.1.3/lib/ruby/gems/1.8/gems/actionpack-2.1.1/lib/action_controller/caching/sql_cache.rb:12:in `perform_action_with_caching'
    D:/perforce/whohar/v5/jruby-1.1.3/lib/ruby/gems/1.8/gems/actionpack-2.1.1/lib/action_controller/base.rb:529:in `process'
    D:/perforce/whohar/v5/jruby-1.1.3/lib/ruby/gems/1.8/gems/actionpack-2.1.1/lib/action_controller/filters.rb:568:in `process_with_filters'
    D:/perforce/whohar/v5/jruby-1.1.3/lib/ruby/gems/1.8/gems/actionpack-2.1.1/lib/action_controller/session_management.rb:130:in `process_with_session_management_support'
    D:/perforce/whohar/v5/jruby-1.1.3/lib/ruby/gems/1.8/gems/actionpack-2.1.1/lib/action_controller/base.rb:389:in `process'
    D:/perforce/whohar/v5/jruby-1.1.3/lib/ruby/gems/1.8/gems/actionpack-2.1.1/lib/action_controller/dispatcher.rb:149:in `handle_request'
    D:/perforce/whohar/v5/jruby-1.1.3/lib/ruby/gems/1.8/gems/actionpack-2.1.1/lib/action_controller/dispatcher.rb:107:in `dispatch'
    D:/perforce/whohar/v5/jruby-1.1.3/lib/ruby/gems/1.8/gems/actionpack-2.1.1/lib/action_controller/dispatcher.rb:104:in `dispatch'
    D:/perforce/whohar/v5/jruby-1.1.3/lib/ruby/gems/1.8/gems/actionpack-2.1.1/lib/action_controller/dispatcher.rb:120:in `dispatch_cgi'
    D:/perforce/whohar/v5/jruby-1.1.3/lib/ruby/gems/1.8/gems/actionpack-2.1.1/lib/action_controller/dispatcher.rb:35:in `dispatch'
    D:/perforce/whohar/v5/jruby-1.1.3/lib/ruby/gems/1.8/gems/mongrel-1.1.5-java/bin/../lib/mongrel/rails.rb:76:in `process'
    D:/perforce/whohar/v5/jruby-1.1.3/lib/ruby/gems/1.8/gems/mongrel-1.1.5-java/bin/../lib/mongrel/rails.rb:74:in `process'
    D:/perforce/whohar/v5/jruby-1.1.3/lib/ruby/gems/1.8/gems/mongrel-1.1.5-java/lib/mongrel.rb:159:in `process_client'
    D:/perforce/whohar/v5/jruby-1.1.3/lib/ruby/gems/1.8/gems/mongrel-1.1.5-java/lib/mongrel.rb:158:in `each'
    D:/perforce/whohar/v5/jruby-1.1.3/lib/ruby/gems/1.8/gems/mongrel-1.1.5-java/lib/mongrel.rb:158:in `process_client'
    D:/perforce/whohar/v5/jruby-1.1.3/lib/ruby/gems/1.8/gems/mongrel-1.1.5-java/lib/mongrel.rb:285:in `run'
    :1:in `initialize'

Rendering D:/perforce/whohar/v5/jruby-1.1.3/lib/ruby/gems/1.8/gems/actionpack-2.1.1/lib/action_controller/templates/rescues/layout.erb (not_found)


Processing Feeds::PeopleController#show (for 127.0.0.1 at 2008-12-18 14:03:58) [GET]
  Session ID: BAh7BiIKZmxhc2hJQzonQWN0aW9uQ29udHJvbGxlcjo6Rmxhc2g6OkZsYXNo
SGFzaHsABjoKQHVzZWR7AA==--b62e7e3596be0eff514557ae897820b038f001c0
  Parameters: {"controller"=>"feeds/people", "action"=>"show"}


NoMethodError (You have a nil object when you didn't expect it!
The error occurred while evaluating nil.constantize):
    /app/controllers/feeds/base_controller.rb:4:in `person_class'
    /app/controllers/feeds/base_controller.rb:8:in `person_in_context'
    D:/perforce/whohar/v5/jruby-1.1.3/lib/ruby/gems/1.8/gems/activesupport-2.1.1/lib/active_support/callbacks.rb:173:in `evaluate_method'
    D:/perforce/whohar/v5/jruby-1.1.3/lib/ruby/gems/1.8/gems/activesupport-2.1.1/lib/active_support/callbacks.rb:161:in `call'
    D:/perforce/whohar/v5/jruby-1.1.3/lib/ruby/gems/1.8/gems/actionpack-2.1.1/lib/action_controller/filters.rb:191:in `call'
    D:/perforce/whohar/v5/jruby-1.1.3/lib/ruby/gems/1.8/gems/actionpack-2.1.1/lib/action_controller/filters.rb:591:in `run_before_filters'
    D:/perforce/whohar/v5/jruby-1.1.3/lib/ruby/gems/1.8/gems/actionpack-2.1.1/lib/action_controller/filters.rb:577:in `call_filters'
    D:/perforce/whohar/v5/jruby-1.1.3/lib/ruby/gems/1.8/gems/actionpack-2.1.1/lib/action_controller/filters.rb:572:in `perform_action_with_filters'
    D:/perforce/whohar/v5/jruby-1.1.3/lib/ruby/gems/1.8/gems/actionpack-2.1.1/lib/action_controller/benchmarking.rb:68:in `perform_action_with_benchmark'
    D:/perforce/whohar/v5/jruby-1.1.3/lib/ruby/1.8/benchmark.rb:293:in `measure'
    D:/perforce/whohar/v5/jruby-1.1.3/lib/ruby/gems/1.8/gems/actionpack-2.1.1/lib/action_controller/benchmarking.rb:68:in `perform_action_with_benchmark'
    D:/perforce/whohar/v5/jruby-1.1.3/lib/ruby/gems/1.8/gems/actionpack-2.1.1/lib/action_controller/rescue.rb:201:in `perform_action_with_rescue'
    D:/perforce/whohar/v5/jruby-1.1.3/lib/ruby/gems/1.8/gems/actionpack-2.1.1/lib/action_controller/caching/sql_cache.rb:13:in `perform_action_with_caching'
    D:/perforce/whohar/v5/jruby-1.1.3/lib/ruby/gems/1.8/gems/activerecord-2.1.1/lib/active_record/connection_adapters/abstract/query_cache.rb:33:in `cache'
    D:/perforce/whohar/v5/jruby-1.1.3/lib/ruby/gems/1.8/gems/activerecord-2.1.1/lib/active_record/query_cache.rb:8:in `cache'
    D:/perforce/whohar/v5/jruby-1.1.3/lib/ruby/gems/1.8/gems/actionpack-2.1.1/lib/action_controller/caching/sql_cache.rb:12:in `perform_action_with_caching'
    D:/perforce/whohar/v5/jruby-1.1.3/lib/ruby/gems/1.8/gems/actionpack-2.1.1/lib/action_controller/base.rb:529:in `process'
    D:/perforce/whohar/v5/jruby-1.1.3/lib/ruby/gems/1.8/gems/actionpack-2.1.1/lib/action_controller/filters.rb:568:in `process_with_filters'
    D:/perforce/whohar/v5/jruby-1.1.3/lib/ruby/gems/1.8/gems/actionpack-2.1.1/lib/action_controller/session_management.rb:130:in `process_with_session_management_support'
    D:/perforce/whohar/v5/jruby-1.1.3/lib/ruby/gems/1.8/gems/actionpack-2.1.1/lib/action_controller/base.rb:389:in `process'
    D:/perforce/whohar/v5/jruby-1.1.3/lib/ruby/gems/1.8/gems/actionpack-2.1.1/lib/action_controller/dispatcher.rb:149:in `handle_request'
    D:/perforce/whohar/v5/jruby-1.1.3/lib/ruby/gems/1.8/gems/actionpack-2.1.1/lib/action_controller/dispatcher.rb:107:in `dispatch'
    D:/perforce/whohar/v5/jruby-1.1.3/lib/ruby/gems/1.8/gems/actionpack-2.1.1/lib/action_controller/dispatcher.rb:104:in `dispatch'
    D:/perforce/whohar/v5/jruby-1.1.3/lib/ruby/gems/1.8/gems/actionpack-2.1.1/lib/action_controller/dispatcher.rb:120:in `dispatch_cgi'
    D:/perforce/whohar/v5/jruby-1.1.3/lib/ruby/gems/1.8/gems/actionpack-2.1.1/lib/action_controller/dispatcher.rb:35:in `dispatch'
    D:/perforce/whohar/v5/jruby-1.1.3/lib/ruby/gems/1.8/gems/mongrel-1.1.5-java/bin/../lib/mongrel/rails.rb:76:in `process'
    D:/perforce/whohar/v5/jruby-1.1.3/lib/ruby/gems/1.8/gems/mongrel-1.1.5-java/bin/../lib/mongrel/rails.rb:74:in `process'
    D:/perforce/whohar/v5/jruby-1.1.3/lib/ruby/gems/1.8/gems/mongrel-1.1.5-java/lib/mongrel.rb:159:in `process_client'
    D:/perforce/whohar/v5/jruby-1.1.3/lib/ruby/gems/1.8/gems/mongrel-1.1.5-java/lib/mongrel.rb:158:in `each'
    D:/perforce/whohar/v5/jruby-1.1.3/lib/ruby/gems/1.8/gems/mongrel-1.1.5-java/lib/mongrel.rb:158:in `process_client'
    D:/perforce/whohar/v5/jruby-1.1.3/lib/ruby/gems/1.8/gems/mongrel-1.1.5-java/lib/mongrel.rb:285:in `run'
    :1:in `initialize'

Rendering D:/perforce/whohar/v5/jruby-1.1.3/lib/ruby/gems/1.8/gems/actionpack-2.1.1/lib/action_controller/templates/rescues/layout.erb (internal_server_error)


Processing Feeds::AppsController#index (for 127.0.0.1 at 2008-12-18 14:04:09) [GET]
  Session ID: BAh7BiIKZmxhc2hJQzonQWN0aW9uQ29udHJvbGxlcjo6Rmxhc2g6OkZsYXNo
SGFzaHsABjoKQHVzZWR7AA==--b62e7e3596be0eff514557ae897820b038f001c0
  Parameters: {"controller"=>"feeds/apps", "action"=>"index"}
  [4;35;1mFeeds::App Load (0.017722)[0m   [0mSELECT * FROM `apps` [0m
Rendering feeds/apps/index
Completed in 0.03403 (29 reqs/sec) | Rendering: 0.00160 (4%) | DB: 0.01772 (52%) | 200 OK [http://127.0.0.1/feeds/apps]


Processing Feeds::AppsController#new (for 127.0.0.1 at 2008-12-18 14:04:11) [GET]
  Session ID: BAh7BiIKZmxhc2hJQzonQWN0aW9uQ29udHJvbGxlcjo6Rmxhc2g6OkZsYXNo
SGFzaHsABjoKQHVzZWR7AA==--b62e7e3596be0eff514557ae897820b038f001c0
  Parameters: {"controller"=>"feeds/apps", "action"=>"new"}
  [4;36;1mFeeds::App Columns (0.013112)[0m   [0;1mSHOW FIELDS FROM `apps`[0m
Rendering feeds/apps/new
Completed in 0.09247 (10 reqs/sec) | Rendering: 0.06082 (65%) | DB: 0.01311 (14%) | 200 OK [http://127.0.0.1/feeds/apps/new]


Processing Feeds::AppsController#new (for 127.0.0.1 at 2008-12-18 14:05:57) [GET]
  Session ID: BAh7ByIKZmxhc2hJQzonQWN0aW9uQ29udHJvbGxlcjo6Rmxhc2g6OkZsYXNo
SGFzaHsABjoKQHVzZWR7ADoMY3NyZl9pZCIlNjAyNDQ2ZTk1MzA3MGQxYTJl
MTY4M2QyMTlmMDQyOTU=--26b76dd3d736aa97f4b0bf1795edb2d23c158a6d
  Parameters: {"controller"=>"feeds/apps", "action"=>"new"}
  [4;35;1mFeeds::App Columns (0.010914)[0m   [0mSHOW FIELDS FROM `apps`[0m
Rendering feeds/apps/new
Completed in 0.08011 (12 reqs/sec) | Rendering: 0.05152 (64%) | DB: 0.01091 (13%) | 200 OK [http://127.0.0.1/feeds/apps/new]


Processing Feeds::AppsController#index (for 127.0.0.1 at 2008-12-18 14:06:23) [POST]
  Session ID: BAh7ByIKZmxhc2hJQzonQWN0aW9uQ29udHJvbGxlcjo6Rmxhc2g6OkZsYXNo
SGFzaHsABjoKQHVzZWR7ADoMY3NyZl9pZCIlNjAyNDQ2ZTk1MzA3MGQxYTJl
MTY4M2QyMTlmMDQyOTU=--26b76dd3d736aa97f4b0bf1795edb2d23c158a6d
  Parameters: {"authenticity_token"=>"49ab80d542a1e194eee6448198b4c33832be4b09", "feeds_app"=>{"source_url"=>"http://127.0.0.1:3000", "title"=>"opensocial", "description"=>"", "directory_title"=>"", "title_url"=>"", "author"=>"", "author_email"=>"", "author_affiliation"=>"", "author_location"=>"", "screenshot"=>"", "thumbnail"=>"", "height"=>"", "width"=>"", "scaling"=>"0", "scrolling"=>"0", "singleton"=>"0", "author_photo"=>"", "author_aboutme"=>"", "author_link"=>"", "author_quote"=>""}, "commit"=>"Create", "controller"=>"feeds/apps", "action"=>"index"}
  [4;36;1mFeeds::App Load (0.005921)[0m   [0;1mSELECT * FROM `apps` [0m
Rendering feeds/apps/index
Completed in 0.02599 (38 reqs/sec) | Rendering: 0.00158 (6%) | DB: 0.00592 (22%) | 200 OK [http://127.0.0.1/feeds/apps]


Processing Feeds::AppsController#index (for 127.0.0.1 at 2008-12-18 14:06:32) [POST]
  Session ID: BAh7ByIKZmxhc2hJQzonQWN0aW9uQ29udHJvbGxlcjo6Rmxhc2g6OkZsYXNo
SGFzaHsABjoKQHVzZWR7ADoMY3NyZl9pZCIlNjAyNDQ2ZTk1MzA3MGQxYTJl
MTY4M2QyMTlmMDQyOTU=--26b76dd3d736aa97f4b0bf1795edb2d23c158a6d
  Parameters: {"authenticity_token"=>"49ab80d542a1e194eee6448198b4c33832be4b09", "feeds_app"=>{"source_url"=>"http://127.0.0.1:3000", "title"=>"opensocial", "description"=>"", "directory_title"=>"", "title_url"=>"", "author"=>"", "author_email"=>"", "author_affiliation"=>"", "author_location"=>"", "screenshot"=>"", "thumbnail"=>"", "height"=>"", "width"=>"", "scaling"=>"0", "scrolling"=>"0", "singleton"=>"0", "author_photo"=>"", "author_aboutme"=>"", "author_link"=>"", "author_quote"=>""}, "commit"=>"Create", "controller"=>"feeds/apps", "action"=>"index"}
  [4;35;1mFeeds::App Load (0.005177)[0m   [0mSELECT * FROM `apps` [0m
Rendering feeds/apps/index
Completed in 0.02714 (36 reqs/sec) | Rendering: 0.00133 (4%) | DB: 0.00518 (19%) | 200 OK [http://127.0.0.1/feeds/apps]


Processing Feeds::AppsController#index (for 127.0.0.1 at 2008-12-18 14:06:35) [POST]
  Session ID: BAh7ByIKZmxhc2hJQzonQWN0aW9uQ29udHJvbGxlcjo6Rmxhc2g6OkZsYXNo
SGFzaHsABjoKQHVzZWR7ADoMY3NyZl9pZCIlNjAyNDQ2ZTk1MzA3MGQxYTJl
MTY4M2QyMTlmMDQyOTU=--26b76dd3d736aa97f4b0bf1795edb2d23c158a6d
  Parameters: {"authenticity_token"=>"49ab80d542a1e194eee6448198b4c33832be4b09", "feeds_app"=>{"source_url"=>"http://127.0.0.1:3000", "title"=>"opensocial", "description"=>"", "directory_title"=>"", "title_url"=>"", "author"=>"", "author_email"=>"", "author_affiliation"=>"", "author_location"=>"", "screenshot"=>"", "thumbnail"=>"", "height"=>"", "width"=>"", "scaling"=>"0", "scrolling"=>"0", "singleton"=>"0", "author_photo"=>"", "author_aboutme"=>"", "author_link"=>"", "author_quote"=>""}, "commit"=>"Create", "controller"=>"feeds/apps", "action"=>"index"}
  [4;36;1mFeeds::App Load (0.005124)[0m   [0;1mSELECT * FROM `apps` [0m
Rendering feeds/apps/index
Completed in 0.02845 (35 reqs/sec) | Rendering: 0.00329 (11%) | DB: 0.00512 (18%) | 200 OK [http://127.0.0.1/feeds/apps]


Processing Feeds::PeopleController#show (for 127.0.0.1 at 2008-12-18 14:06:54) [GET]
  Session ID: BAh7ByIKZmxhc2hJQzonQWN0aW9uQ29udHJvbGxlcjo6Rmxhc2g6OkZsYXNo
SGFzaHsABjoKQHVzZWR7ADoMY3NyZl9pZCIlNjAyNDQ2ZTk1MzA3MGQxYTJl
MTY4M2QyMTlmMDQyOTU=--26b76dd3d736aa97f4b0bf1795edb2d23c158a6d
  Parameters: {"controller"=>"feeds/people", "action"=>"show"}


NoMethodError (You have a nil object when you didn't expect it!
The error occurred while evaluating nil.constantize):
    /app/controllers/feeds/base_controller.rb:4:in `person_class'
    /app/controllers/feeds/base_controller.rb:8:in `person_in_context'
    D:/perforce/whohar/v5/jruby-1.1.3/lib/ruby/gems/1.8/gems/activesupport-2.1.1/lib/active_support/callbacks.rb:173:in `evaluate_method'
    D:/perforce/whohar/v5/jruby-1.1.3/lib/ruby/gems/1.8/gems/activesupport-2.1.1/lib/active_support/callbacks.rb:161:in `call'
    D:/perforce/whohar/v5/jruby-1.1.3/lib/ruby/gems/1.8/gems/actionpack-2.1.1/lib/action_controller/filters.rb:191:in `call'
    D:/perforce/whohar/v5/jruby-1.1.3/lib/ruby/gems/1.8/gems/actionpack-2.1.1/lib/action_controller/filters.rb:591:in `run_before_filters'
    D:/perforce/whohar/v5/jruby-1.1.3/lib/ruby/gems/1.8/gems/actionpack-2.1.1/lib/action_controller/filters.rb:577:in `call_filters'
    D:/perforce/whohar/v5/jruby-1.1.3/lib/ruby/gems/1.8/gems/actionpack-2.1.1/lib/action_controller/filters.rb:572:in `perform_action_with_filters'
    D:/perforce/whohar/v5/jruby-1.1.3/lib/ruby/gems/1.8/gems/actionpack-2.1.1/lib/action_controller/benchmarking.rb:68:in `perform_action_with_benchmark'
    D:/perforce/whohar/v5/jruby-1.1.3/lib/ruby/1.8/benchmark.rb:293:in `measure'
    D:/perforce/whohar/v5/jruby-1.1.3/lib/ruby/gems/1.8/gems/actionpack-2.1.1/lib/action_controller/benchmarking.rb:68:in `perform_action_with_benchmark'
    D:/perforce/whohar/v5/jruby-1.1.3/lib/ruby/gems/1.8/gems/actionpack-2.1.1/lib/action_controller/rescue.rb:201:in `perform_action_with_rescue'
    D:/perforce/whohar/v5/jruby-1.1.3/lib/ruby/gems/1.8/gems/actionpack-2.1.1/lib/action_controller/caching/sql_cache.rb:13:in `perform_action_with_caching'
    D:/perforce/whohar/v5/jruby-1.1.3/lib/ruby/gems/1.8/gems/activerecord-2.1.1/lib/active_record/connection_adapters/abstract/query_cache.rb:33:in `cache'
    D:/perforce/whohar/v5/jruby-1.1.3/lib/ruby/gems/1.8/gems/activerecord-2.1.1/lib/active_record/query_cache.rb:8:in `cache'
    D:/perforce/whohar/v5/jruby-1.1.3/lib/ruby/gems/1.8/gems/actionpack-2.1.1/lib/action_controller/caching/sql_cache.rb:12:in `perform_action_with_caching'
    D:/perforce/whohar/v5/jruby-1.1.3/lib/ruby/gems/1.8/gems/actionpack-2.1.1/lib/action_controller/base.rb:529:in `process'
    D:/perforce/whohar/v5/jruby-1.1.3/lib/ruby/gems/1.8/gems/actionpack-2.1.1/lib/action_controller/filters.rb:568:in `process_with_filters'
    D:/perforce/whohar/v5/jruby-1.1.3/lib/ruby/gems/1.8/gems/actionpack-2.1.1/lib/action_controller/session_management.rb:130:in `process_with_session_management_support'
    D:/perforce/whohar/v5/jruby-1.1.3/lib/ruby/gems/1.8/gems/actionpack-2.1.1/lib/action_controller/base.rb:389:in `process'
    D:/perforce/whohar/v5/jruby-1.1.3/lib/ruby/gems/1.8/gems/actionpack-2.1.1/lib/action_controller/dispatcher.rb:149:in `handle_request'
    D:/perforce/whohar/v5/jruby-1.1.3/lib/ruby/gems/1.8/gems/actionpack-2.1.1/lib/action_controller/dispatcher.rb:107:in `dispatch'
    D:/perforce/whohar/v5/jruby-1.1.3/lib/ruby/gems/1.8/gems/actionpack-2.1.1/lib/action_controller/dispatcher.rb:104:in `dispatch'
    D:/perforce/whohar/v5/jruby-1.1.3/lib/ruby/gems/1.8/gems/actionpack-2.1.1/lib/action_controller/dispatcher.rb:120:in `dispatch_cgi'
    D:/perforce/whohar/v5/jruby-1.1.3/lib/ruby/gems/1.8/gems/actionpack-2.1.1/lib/action_controller/dispatcher.rb:35:in `dispatch'
    D:/perforce/whohar/v5/jruby-1.1.3/lib/ruby/gems/1.8/gems/mongrel-1.1.5-java/bin/../lib/mongrel/rails.rb:76:in `process'
    D:/perforce/whohar/v5/jruby-1.1.3/lib/ruby/gems/1.8/gems/mongrel-1.1.5-java/bin/../lib/mongrel/rails.rb:74:in `process'
    D:/perforce/whohar/v5/jruby-1.1.3/lib/ruby/gems/1.8/gems/mongrel-1.1.5-java/lib/mongrel.rb:159:in `process_client'
    D:/perforce/whohar/v5/jruby-1.1.3/lib/ruby/gems/1.8/gems/mongrel-1.1.5-java/lib/mongrel.rb:158:in `each'
    D:/perforce/whohar/v5/jruby-1.1.3/lib/ruby/gems/1.8/gems/mongrel-1.1.5-java/lib/mongrel.rb:158:in `process_client'
    D:/perforce/whohar/v5/jruby-1.1.3/lib/ruby/gems/1.8/gems/mongrel-1.1.5-java/lib/mongrel.rb:285:in `run'
    :1:in `initialize'

Rendering D:/perforce/whohar/v5/jruby-1.1.3/lib/ruby/gems/1.8/gems/actionpack-2.1.1/lib/action_controller/templates/rescues/layout.erb (internal_server_error)


Processing ApplicationController#index (for 127.0.0.1 at 2008-12-18 14:24:33) [GET]
  Session ID: BAh7ByIKZmxhc2hJQzonQWN0aW9uQ29udHJvbGxlcjo6Rmxhc2g6OkZsYXNo
SGFzaHsABjoKQHVzZWR7ADoMY3NyZl9pZCIlNjAyNDQ2ZTk1MzA3MGQxYTJl
MTY4M2QyMTlmMDQyOTU=--26b76dd3d736aa97f4b0bf1795edb2d23c158a6d
  Parameters: {}


ActionController::RoutingError (No route matches "/people/show/" with {:method=>:get, :host=>"127.0.0.1", :domain=>nil, :subdomain=>"127"}):
    D:/perforce/whohar/v5/jruby-1.1.3/lib/ruby/gems/1.8/gems/actionpack-2.1.1/lib/action_controller/routing/recognition_optimisation.rb:67:in `recognize_path'
    D:/perforce/whohar/v5/jruby-1.1.3/lib/ruby/gems/1.8/gems/actionpack-2.1.1/lib/action_controller/routing/route_set.rb:384:in `recognize'
    D:/perforce/whohar/v5/jruby-1.1.3/lib/ruby/gems/1.8/gems/actionpack-2.1.1/lib/action_controller/dispatcher.rb:148:in `handle_request'
    D:/perforce/whohar/v5/jruby-1.1.3/lib/ruby/gems/1.8/gems/actionpack-2.1.1/lib/action_controller/dispatcher.rb:107:in `dispatch'
    D:/perforce/whohar/v5/jruby-1.1.3/lib/ruby/gems/1.8/gems/actionpack-2.1.1/lib/action_controller/dispatcher.rb:104:in `dispatch'
    D:/perforce/whohar/v5/jruby-1.1.3/lib/ruby/gems/1.8/gems/actionpack-2.1.1/lib/action_controller/dispatcher.rb:120:in `dispatch_cgi'
    D:/perforce/whohar/v5/jruby-1.1.3/lib/ruby/gems/1.8/gems/actionpack-2.1.1/lib/action_controller/dispatcher.rb:35:in `dispatch'
    D:/perforce/whohar/v5/jruby-1.1.3/lib/ruby/gems/1.8/gems/mongrel-1.1.5-java/bin/../lib/mongrel/rails.rb:76:in `process'
    D:/perforce/whohar/v5/jruby-1.1.3/lib/ruby/gems/1.8/gems/mongrel-1.1.5-java/bin/../lib/mongrel/rails.rb:74:in `process'
    D:/perforce/whohar/v5/jruby-1.1.3/lib/ruby/gems/1.8/gems/mongrel-1.1.5-java/lib/mongrel.rb:159:in `process_client'
    D:/perforce/whohar/v5/jruby-1.1.3/lib/ruby/gems/1.8/gems/mongrel-1.1.5-java/lib/mongrel.rb:158:in `each'
    D:/perforce/whohar/v5/jruby-1.1.3/lib/ruby/gems/1.8/gems/mongrel-1.1.5-java/lib/mongrel.rb:158:in `process_client'
    D:/perforce/whohar/v5/jruby-1.1.3/lib/ruby/gems/1.8/gems/mongrel-1.1.5-java/lib/mongrel.rb:285:in `run'
    :1:in `initialize'

Rendering D:/perforce/whohar/v5/jruby-1.1.3/lib/ruby/gems/1.8/gems/actionpack-2.1.1/lib/action_controller/templates/rescues/layout.erb (not_found)


Processing Feeds::PeopleController#show (for 127.0.0.1 at 2008-12-18 14:24:39) [GET]
  Session ID: BAh7ByIKZmxhc2hJQzonQWN0aW9uQ29udHJvbGxlcjo6Rmxhc2g6OkZsYXNo
SGFzaHsABjoKQHVzZWR7ADoMY3NyZl9pZCIlNjAyNDQ2ZTk1MzA3MGQxYTJl
MTY4M2QyMTlmMDQyOTU=--26b76dd3d736aa97f4b0bf1795edb2d23c158a6d
  Parameters: {"controller"=>"feeds/people", "action"=>"show"}


NoMethodError (You have a nil object when you didn't expect it!
The error occurred while evaluating nil.constantize):
    /app/controllers/feeds/base_controller.rb:4:in `person_class'
    /app/controllers/feeds/base_controller.rb:8:in `person_in_context'
    D:/perforce/whohar/v5/jruby-1.1.3/lib/ruby/gems/1.8/gems/activesupport-2.1.1/lib/active_support/callbacks.rb:173:in `evaluate_method'
    D:/perforce/whohar/v5/jruby-1.1.3/lib/ruby/gems/1.8/gems/activesupport-2.1.1/lib/active_support/callbacks.rb:161:in `call'
    D:/perforce/whohar/v5/jruby-1.1.3/lib/ruby/gems/1.8/gems/actionpack-2.1.1/lib/action_controller/filters.rb:191:in `call'
    D:/perforce/whohar/v5/jruby-1.1.3/lib/ruby/gems/1.8/gems/actionpack-2.1.1/lib/action_controller/filters.rb:591:in `run_before_filters'
    D:/perforce/whohar/v5/jruby-1.1.3/lib/ruby/gems/1.8/gems/actionpack-2.1.1/lib/action_controller/filters.rb:577:in `call_filters'
    D:/perforce/whohar/v5/jruby-1.1.3/lib/ruby/gems/1.8/gems/actionpack-2.1.1/lib/action_controller/filters.rb:572:in `perform_action_with_filters'
    D:/perforce/whohar/v5/jruby-1.1.3/lib/ruby/gems/1.8/gems/actionpack-2.1.1/lib/action_controller/benchmarking.rb:68:in `perform_action_with_benchmark'
    D:/perforce/whohar/v5/jruby-1.1.3/lib/ruby/1.8/benchmark.rb:293:in `measure'
    D:/perforce/whohar/v5/jruby-1.1.3/lib/ruby/gems/1.8/gems/actionpack-2.1.1/lib/action_controller/benchmarking.rb:68:in `perform_action_with_benchmark'
    D:/perforce/whohar/v5/jruby-1.1.3/lib/ruby/gems/1.8/gems/actionpack-2.1.1/lib/action_controller/rescue.rb:201:in `perform_action_with_rescue'
    D:/perforce/whohar/v5/jruby-1.1.3/lib/ruby/gems/1.8/gems/actionpack-2.1.1/lib/action_controller/caching/sql_cache.rb:13:in `perform_action_with_caching'
    D:/perforce/whohar/v5/jruby-1.1.3/lib/ruby/gems/1.8/gems/activerecord-2.1.1/lib/active_record/connection_adapters/abstract/query_cache.rb:33:in `cache'
    D:/perforce/whohar/v5/jruby-1.1.3/lib/ruby/gems/1.8/gems/activerecord-2.1.1/lib/active_record/query_cache.rb:8:in `cache'
    D:/perforce/whohar/v5/jruby-1.1.3/lib/ruby/gems/1.8/gems/actionpack-2.1.1/lib/action_controller/caching/sql_cache.rb:12:in `perform_action_with_caching'
    D:/perforce/whohar/v5/jruby-1.1.3/lib/ruby/gems/1.8/gems/actionpack-2.1.1/lib/action_controller/base.rb:529:in `process'
    D:/perforce/whohar/v5/jruby-1.1.3/lib/ruby/gems/1.8/gems/actionpack-2.1.1/lib/action_controller/filters.rb:568:in `process_with_filters'
    D:/perforce/whohar/v5/jruby-1.1.3/lib/ruby/gems/1.8/gems/actionpack-2.1.1/lib/action_controller/session_management.rb:130:in `process_with_session_management_support'
    D:/perforce/whohar/v5/jruby-1.1.3/lib/ruby/gems/1.8/gems/actionpack-2.1.1/lib/action_controller/base.rb:389:in `process'
    D:/perforce/whohar/v5/jruby-1.1.3/lib/ruby/gems/1.8/gems/actionpack-2.1.1/lib/action_controller/dispatcher.rb:149:in `handle_request'
    D:/perforce/whohar/v5/jruby-1.1.3/lib/ruby/gems/1.8/gems/actionpack-2.1.1/lib/action_controller/dispatcher.rb:107:in `dispatch'
    D:/perforce/whohar/v5/jruby-1.1.3/lib/ruby/gems/1.8/gems/actionpack-2.1.1/lib/action_controller/dispatcher.rb:104:in `dispatch'
    D:/perforce/whohar/v5/jruby-1.1.3/lib/ruby/gems/1.8/gems/actionpack-2.1.1/lib/action_controller/dispatcher.rb:120:in `dispatch_cgi'
    D:/perforce/whohar/v5/jruby-1.1.3/lib/ruby/gems/1.8/gems/actionpack-2.1.1/lib/action_controller/dispatcher.rb:35:in `dispatch'
    D:/perforce/whohar/v5/jruby-1.1.3/lib/ruby/gems/1.8/gems/mongrel-1.1.5-java/bin/../lib/mongrel/rails.rb:76:in `process'
    D:/perforce/whohar/v5/jruby-1.1.3/lib/ruby/gems/1.8/gems/mongrel-1.1.5-java/bin/../lib/mongrel/rails.rb:74:in `process'
    D:/perforce/whohar/v5/jruby-1.1.3/lib/ruby/gems/1.8/gems/mongrel-1.1.5-java/lib/mongrel.rb:159:in `process_client'
    D:/perforce/whohar/v5/jruby-1.1.3/lib/ruby/gems/1.8/gems/mongrel-1.1.5-java/lib/mongrel.rb:158:in `each'
    D:/perforce/whohar/v5/jruby-1.1.3/lib/ruby/gems/1.8/gems/mongrel-1.1.5-java/lib/mongrel.rb:158:in `process_client'
    D:/perforce/whohar/v5/jruby-1.1.3/lib/ruby/gems/1.8/gems/mongrel-1.1.5-java/lib/mongrel.rb:285:in `run'
    :1:in `initialize'

Rendering D:/perforce/whohar/v5/jruby-1.1.3/lib/ruby/gems/1.8/gems/actionpack-2.1.1/lib/action_controller/templates/rescues/layout.erb (internal_server_error)


Processing Feeds::AppsController#index (for 127.0.0.1 at 2008-12-18 14:24:45) [GET]
  Session ID: BAh7ByIKZmxhc2hJQzonQWN0aW9uQ29udHJvbGxlcjo6Rmxhc2g6OkZsYXNo
SGFzaHsABjoKQHVzZWR7ADoMY3NyZl9pZCIlNjAyNDQ2ZTk1MzA3MGQxYTJl
MTY4M2QyMTlmMDQyOTU=--26b76dd3d736aa97f4b0bf1795edb2d23c158a6d
  Parameters: {"controller"=>"feeds/apps", "action"=>"index"}
  [4;35;1mFeeds::App Load (0.005470)[0m   [0mSELECT * FROM `apps` [0m
Rendering feeds/apps/index
Completed in 0.02544 (39 reqs/sec) | Rendering: 0.00150 (5%) | DB: 0.00547 (21%) | 200 OK [http://127.0.0.1/feeds/apps]
