abstract (1.0.0)
actionmailer (2.3.3, 2.3.2, 2.2.0, 2.1.1, 2.1.0, 2.0.2)
actionpack (2.3.3, 2.3.2, 2.2.0, 2.1.1, 2.1.0, 2.0.2)
activerecord (2.3.3, 2.3.2, 2.2.0, 2.1.1, 2.1.0, 2.0.2)
activeresource (2.3.3, 2.3.2, 2.2.0, 2.1.1, 2.1.0, 2.0.2)
activesupport (2.3.3, 2.3.2, 2.2.0, 2.1.1, 2.1.0, 2.0.2)
acts_as_ferret (0.4.4)
addressable (2.1.0, 2.0.2)
cgi_multipart_eof_fix (2.5.0)
coderay (0.8.312, 0.8.273)
configuration (0.0.5)
data_objects (0.9.12, 0.9.11)
diff-lcs (1.1.2)
dm-aggregates (0.9.11)
dm-core (0.9.11)
dm-migrations (0.9.11)
dm-serializer (0.9.11)
dm-sweatshop (0.9.11)
dm-timestamps (0.9.11)
dm-types (0.9.11)
dm-validations (0.9.11)
do_sqlite3 (0.9.12, 0.9.11)
echoe (3.1.1, 3.0.2)
erubis (2.6.4)
extlib (0.9.12)
facebooker (1.0.44, 1.0.31)
ferret (0.11.5)
fxri (0.3.7, 0.3.6)
fxruby (1.6.19, 1.6.12)
gem_plugin (0.2.3)
haml (2.2.2, 2.0.9)
heroku (1.1, 0.9.1, 0.8, 0.5.6)
highline (1.5.1, 1.5.0)
hpricot (0.8.1, 0.6.164, 0.6)
htmlentities (4.1.0, 4.0.0)
json (1.1.7, 1.1.6, 1.1.1)
json_pure (1.1.6)
launchy (0.3.3)
log4r (1.0.5)
mailfactory (1.4.0)
merb (1.0.11)
merb-action-args (1.0.11)
merb-assets (1.0.11)
merb-auth (1.0.11)
merb-auth-core (1.0.11)
merb-auth-more (1.0.11)
merb-auth-slice-password (1.0.11)
merb-cache (1.0.11)
merb-core (1.0.11)
merb-exceptions (1.0.11)
merb-gen (1.0.11)
merb-haml (1.0.11)
merb-helpers (1.0.11)
merb-mailer (1.0.11)
merb-more (1.0.11)
merb-param-protection (1.0.11)
merb-slices (1.0.11)
merb_datamapper (1.0.11)
mime-types (1.16)
mongrel (1.1.5)
mysql (2.7.3)
ParseTree (3.0.4, 3.0.3)
ptools (1.1.6)
rack (1.0.0, 0.9.1)
rails (2.3.2, 2.2.0, 2.1.0, 2.0.2)
rake (0.8.7, 0.8.6, 0.8.3, 0.7.3)
randexp (0.1.4)
RedCloth (4.2.2, 4.1.9, 4.1.1)
rest-client (1.0.3, 0.9.2)
rspec (1.2.6)
ruby2ruby (1.2.2)
rubyforge (1.0.3, 1.0.2)
rubygems-update (1.3.4, 1.3.3, 1.3.1)
RubyInline (3.8.3, 3.8.1)
scaffolding_extensions (1.3.6)
sexp_processor (3.0.1)
sources (0.0.1)
templater (0.5.0)
test-unit (2.0.2)
thor (0.9.9)
will_paginate (2.2.2)
win32-api (1.4.0, 1.0.4)
win32-clipboard (0.5.1, 0.4.3)
win32-dir (0.3.4, 0.3.2)
win32-eventlog (0.5.0, 0.4.6)
win32-file (0.6.1, 0.5.4)
win32-file-stat (1.3.3, 1.2.7)
win32-process (0.6.0, 0.5.3)
win32-sapi (0.1.4)
win32-sound (0.4.1)
windows-api (0.3.0, 0.2.0)
windows-pr (1.0.4, 1.0.3, 0.7.2)
ZenTest (4.1.4, 4.0.0)
